<?xml version="1.0" encoding="UTF-8"?>
<testsuite name="com.example.cpu.CpuHelperTest05" tests="2" skipped="0" failures="0" errors="0" timestamp="2026-03-31T08:45:38" hostname="JHenryPC" time="0.018">
  <properties/>
  <testcase name="testParallelAndExecutor05" classname="com.example.cpu.CpuHelperTest05" time="0.014"/>
  <testcase name="testCpuLoadNotNaN" classname="com.example.cpu.CpuHelperTest05" time="0.004"/>
  <system-out><![CDATA[]]></system-out>
  <system-err><![CDATA[]]></system-err>
</testsuite>
