<?xml version="1.0" encoding="UTF-8"?>
<testsuite name="com.example.cpu.CpuHelperTest10" tests="2" skipped="0" failures="0" errors="0" timestamp="2026-03-31T08:45:38" hostname="JHenryPC" time="0.013">
  <properties/>
  <testcase name="testParallelAndExecutor10" classname="com.example.cpu.CpuHelperTest10" time="0.01"/>
  <testcase name="testLoadReturnType" classname="com.example.cpu.CpuHelperTest10" time="0.003"/>
  <system-out><![CDATA[]]></system-out>
  <system-err><![CDATA[]]></system-err>
</testsuite>
