<?xml version="1.0" encoding="UTF-8"?>
<testsuite name="com.example.cpu.CpuHelperTest11" tests="2" skipped="0" failures="0" errors="0" timestamp="2026-03-31T08:45:38" hostname="JHenryPC" time="0.014">
  <properties/>
  <testcase name="testMultipleAvailableProcessors" classname="com.example.cpu.CpuHelperTest11" time="0.0"/>
  <testcase name="testParallelAndExecutor11" classname="com.example.cpu.CpuHelperTest11" time="0.013"/>
  <system-out><![CDATA[]]></system-out>
  <system-err><![CDATA[]]></system-err>
</testsuite>
