<?xml version="1.0" encoding="UTF-8"?>
<testsuite name="com.example.cpu.CpuHelperTest03" tests="2" skipped="0" failures="0" errors="0" timestamp="2026-03-31T08:45:38" hostname="JHenryPC" time="0.027">
  <properties/>
  <testcase name="testParallelAndExecutor03" classname="com.example.cpu.CpuHelperTest03" time="0.026"/>
  <testcase name="testAvailableProcessorsPositive" classname="com.example.cpu.CpuHelperTest03" time="0.0"/>
  <system-out><![CDATA[]]></system-out>
  <system-err><![CDATA[]]></system-err>
</testsuite>
