<?xml version="1.0" encoding="UTF-8"?>
<testsuite name="com.example.cpu.CpuHelperTest12" tests="2" skipped="0" failures="0" errors="0" timestamp="2026-03-31T08:45:38" hostname="JHenryPC" time="0.016">
  <properties/>
  <testcase name="testParallelAndExecutor12" classname="com.example.cpu.CpuHelperTest12" time="0.013"/>
  <testcase name="testLoadWithinBounds" classname="com.example.cpu.CpuHelperTest12" time="0.003"/>
  <system-out><![CDATA[]]></system-out>
  <system-err><![CDATA[]]></system-err>
</testsuite>
