<?xml version="1.0" encoding="UTF-8"?>
<testsuite name="com.example.cpu.CpuHelperTest08" tests="2" skipped="0" failures="0" errors="0" timestamp="2026-03-31T08:45:38" hostname="JHenryPC" time="0.012">
  <properties/>
  <testcase name="testParallelAndExecutor08" classname="com.example.cpu.CpuHelperTest08" time="0.011"/>
  <testcase name="testAvailableProcessorsReasonable" classname="com.example.cpu.CpuHelperTest08" time="0.0"/>
  <system-out><![CDATA[]]></system-out>
  <system-err><![CDATA[]]></system-err>
</testsuite>
