<?xml version="1.0" encoding="UTF-8"?>
<testsuite name="com.example.cpu.CpuHelperTest01" tests="2" skipped="0" failures="0" errors="0" timestamp="2026-03-31T08:45:38" hostname="JHenryPC" time="0.169">
  <properties/>
  <testcase name="testAvailableProcessors" classname="com.example.cpu.CpuHelperTest01" time="0.107"/>
  <testcase name="testParallelAndExecutor01" classname="com.example.cpu.CpuHelperTest01" time="0.061"/>
  <system-out><![CDATA[]]></system-out>
  <system-err><![CDATA[]]></system-err>
</testsuite>
