<?xml version="1.0" encoding="UTF-8"?>
<testsuite name="com.example.guava.GuavaExamplesTest" tests="3" skipped="0" failures="0" errors="0" timestamp="2026-03-31T09:12:01" hostname="JHenryPC" time="1.485">
  <properties/>
  <testcase name="testThrottle" classname="com.example.guava.GuavaExamplesTest" time="0.308"/>
  <testcase name="testCache" classname="com.example.guava.GuavaExamplesTest" time="0.98"/>
  <testcase name="testImmutableList" classname="com.example.guava.GuavaExamplesTest" time="0.195"/>
  <system-out><![CDATA[]]></system-out>
  <system-err><![CDATA[]]></system-err>
</testsuite>
